<?xml version="1.0" encoding="UTF-8"?>
<testsuite xmlns:xsi="http://www.w3.org/2001/XMLSchema-instance" xsi:noNamespaceSchemaLocation="https://maven.apache.org/surefire/maven-surefire-plugin/xsd/surefire-test-report.xsd" name="org.vmorales.junit5app.ejemplos.models.CuentaTest" time="0.18" tests="8" errors="0" skipped="0" failures="0">
  <properties>
[...]
</properties>
  <testcase name="testRelacionBancoCuentas" classname="org.vmorales.junit5app.ejemplos.models.CuentaTest" time="0.061"/>
  <testcase name="testDineroInsuficienteException" classname="org.vmorales.junit5app.ejemplos.models.CuentaTest" time="0.002"/>
  <testcase name="testCreditoCuenta" classname="org.vmorales.junit5app.ejemplos.models.CuentaTest$CuentaOperacionesTest" time="0.01"/>
  <testcase name="testDebitoCuenta" classname="org.vmorales.junit5app.ejemplos.models.CuentaTest$CuentaOperacionesTest" time="0"/>
  <testcase name="testTransferirDineroCuentas" classname="org.vmorales.junit5app.ejemplos.models.CuentaTest$CuentaOperacionesTest" time="0.002"/>
  <testcase name="testSaldoCuenta" classname="org.vmorales.junit5app.ejemplos.models.CuentaTest$CuentaTestNombreSaldo" time="0.002"/>
  <testcase name="testReferenciaCuenta" classname="org.vmorales.junit5app.ejemplos.models.CuentaTest$CuentaTestNombreSaldo" time="0.001"/>
  <testcase name="testNombreCuenta" classname="org.vmorales.junit5app.ejemplos.models.CuentaTest$CuentaTestNombreSaldo" time="0.021"/>
</testsuite>